  NormalEstimationUser.cpp
S:\PCL\PCL 1.8.1\include\pcl-1.8\pcl/point_traits.h : warning C4819: 该文件包含不能在当前代码页(936)中表示的字符。请将该文件保存为 Unicode 格式以防止数据丢失
NormalEstimationUser.cpp(46): warning C4267: “参数”: 从“size_t”转换到“int”，可能丢失数据
S:\PCL\PCL 1.8.1\3rdParty\Boost\include\boost-1_64\boost/bind/bind.hpp(592): warning C4244: “参数”: 从“double”转换到“int”，可能丢失数据
  S:\PCL\PCL 1.8.1\3rdParty\Boost\include\boost-1_64\boost/bind/bind.hpp(1354): note: 参见对正在编译的函数 模板 实例化“R boost::_bi::list6<boost::reference_wrapper<boost::shared_ptr<pcl::search::Search<PointInT>>>,boost::arg<1>,boost::arg<2>,boost::arg<3>,boost::arg<4>,boost::arg<5>>::operator ()<int,F,boost::_bi::rrlist5<A1,A2,A3,A4,A5>>(boost::_bi::type<int>,F &,A &,long)”的引用
          with
          [
              R=int,
              PointInT=pcl::PointXYZ,
              F=boost::_mfi::cmf5<int,pcl::search::Search<pcl::PointXYZ>,const pcl::PointCloud<pcl::PointXYZ> &,int,int,std::vector<int,std::allocator<int>> &,std::vector<float,std::allocator<float>> &>,
              A1=const pcl::PointCloud<pcl::PointXYZ> &,
              A2=size_t,
              A3=double,
              A4=std::vector<int,std::allocator<int>> &,
              A5=std::vector<float,std::allocator<float>> &,
              A=boost::_bi::rrlist5<const pcl::PointCloud<pcl::PointXYZ> &,size_t,double,std::vector<int,std::allocator<int>> &,std::vector<float,std::allocator<float>> &>
          ]
  S:\PCL\PCL 1.8.1\3rdParty\Boost\include\boost-1_64\boost/bind/bind.hpp(1354): note: 参见对正在编译的函数 模板 实例化“R boost::_bi::list6<boost::reference_wrapper<boost::shared_ptr<pcl::search::Search<PointInT>>>,boost::arg<1>,boost::arg<2>,boost::arg<3>,boost::arg<4>,boost::arg<5>>::operator ()<int,F,boost::_bi::rrlist5<A1,A2,A3,A4,A5>>(boost::_bi::type<int>,F &,A &,long)”的引用
          with
          [
              R=int,
              PointInT=pcl::PointXYZ,
              F=boost::_mfi::cmf5<int,pcl::search::Search<pcl::PointXYZ>,const pcl::PointCloud<pcl::PointXYZ> &,int,int,std::vector<int,std::allocator<int>> &,std::vector<float,std::allocator<float>> &>,
              A1=const pcl::PointCloud<pcl::PointXYZ> &,
              A2=size_t,
              A3=double,
              A4=std::vector<int,std::allocator<int>> &,
              A5=std::vector<float,std::allocator<float>> &,
              A=boost::_bi::rrlist5<const pcl::PointCloud<pcl::PointXYZ> &,size_t,double,std::vector<int,std::allocator<int>> &,std::vector<float,std::allocator<float>> &>
          ]
  S:\PCL\PCL 1.8.1\3rdParty\Boost\include\boost-1_64\boost/function/function_template.hpp(138): note: 参见对正在编译的函数 模板 实例化“int boost::_bi::bind_t<int,boost::_mfi::cmf5<int,pcl::search::Search<PointInT>,const pcl::PointCloud<PointT> &,int,int,std::vector<int,std::allocator<_Ty>> &,std::vector<float,std::allocator<float>> &>,boost::_bi::list6<boost::reference_wrapper<boost::shared_ptr<pcl::search::Search<PointT>>>,boost::arg<1>,boost::arg<2>,boost::arg<3>,boost::arg<4>,boost::arg<5>>>::operator ()<const pcl::PointCloud<PointT>&,T,double,std::vector<_Ty,std::allocator<_Ty>>&,std::vector<float,std::allocator<float>>&>(A1,A2 &&,A3 &&,A4,A5)”的引用
          with
          [
              PointInT=pcl::PointXYZ,
              PointT=pcl::PointXYZ,
              _Ty=int,
              T=size_t,
              A1=const pcl::PointCloud<pcl::PointXYZ> &,
              A2=size_t,
              A3=double,
              A4=std::vector<int,std::allocator<int>> &,
              A5=std::vector<float,std::allocator<float>> &
          ]
  S:\PCL\PCL 1.8.1\3rdParty\Boost\include\boost-1_64\boost/function/function_template.hpp(138): note: 参见对正在编译的函数 模板 实例化“int boost::_bi::bind_t<int,boost::_mfi::cmf5<int,pcl::search::Search<PointInT>,const pcl::PointCloud<PointT> &,int,int,std::vector<int,std::allocator<_Ty>> &,std::vector<float,std::allocator<float>> &>,boost::_bi::list6<boost::reference_wrapper<boost::shared_ptr<pcl::search::Search<PointT>>>,boost::arg<1>,boost::arg<2>,boost::arg<3>,boost::arg<4>,boost::arg<5>>>::operator ()<const pcl::PointCloud<PointT>&,T,double,std::vector<_Ty,std::allocator<_Ty>>&,std::vector<float,std::allocator<float>>&>(A1,A2 &&,A3 &&,A4,A5)”的引用
          with
          [
              PointInT=pcl::PointXYZ,
              PointT=pcl::PointXYZ,
              _Ty=int,
              T=size_t,
              A1=const pcl::PointCloud<pcl::PointXYZ> &,
              A2=size_t,
              A3=double,
              A4=std::vector<int,std::allocator<int>> &,
              A5=std::vector<float,std::allocator<float>> &
          ]
  S:\PCL\PCL 1.8.1\3rdParty\Boost\include\boost-1_64\boost/function/function_template.hpp(132): note: 编译类 模板 成员函数“int boost::detail::function::function_obj_invoker5<FunctionObj,R,T0,T1,T2,T3,T4>::invoke(boost::detail::function::function_buffer &,T0,T1,T2,T3,T4)”时
          with
          [
              FunctionObj=boost::_bi::bind_t<int,boost::_mfi::cmf5<int,pcl::search::Search<pcl::PointXYZ>,const pcl::PointCloud<pcl::PointXYZ> &,int,int,std::vector<int,std::allocator<int>> &,std::vector<float,std::allocator<float>> &>,boost::_bi::list6<boost::reference_wrapper<boost::shared_ptr<pcl::search::Search<pcl::PointXYZ>>>,boost::arg<1>,boost::arg<2>,boost::arg<3>,boost::arg<4>,boost::arg<5>>>,
              R=int,
              T0=const pcl::PointCloud<pcl::PointXYZ> &,
              T1=size_t,
              T2=double,
              T3=std::vector<int,std::allocator<int>> &,
              T4=std::vector<float,std::allocator<float>> &
          ]
  S:\PCL\PCL 1.8.1\3rdParty\Boost\include\boost-1_64\boost/function/function_template.hpp(925): note: 参见对正在编译的函数 模板 实例化“int boost::detail::function::function_obj_invoker5<FunctionObj,R,T0,T1,T2,T3,T4>::invoke(boost::detail::function::function_buffer &,T0,T1,T2,T3,T4)”的引用
          with
          [
              FunctionObj=boost::_bi::bind_t<int,boost::_mfi::cmf5<int,pcl::search::Search<pcl::PointXYZ>,const pcl::PointCloud<pcl::PointXYZ> &,int,int,std::vector<int,std::allocator<int>> &,std::vector<float,std::allocator<float>> &>,boost::_bi::list6<boost::reference_wrapper<boost::shared_ptr<pcl::search::Search<pcl::PointXYZ>>>,boost::arg<1>,boost::arg<2>,boost::arg<3>,boost::arg<4>,boost::arg<5>>>,
              R=int,
              T0=const pcl::PointCloud<pcl::PointXYZ> &,
              T1=size_t,
              T2=double,
              T3=std::vector<int,std::allocator<int>> &,
              T4=std::vector<float,std::allocator<float>> &
          ]
  S:\PCL\PCL 1.8.1\3rdParty\Boost\include\boost-1_64\boost/function/function_template.hpp(925): note: 参见对正在编译的类 模板 实例化“boost::detail::function::function_obj_invoker5<FunctionObj,R,T0,T1,T2,T3,T4>”的引用
          with
          [
              FunctionObj=boost::_bi::bind_t<int,boost::_mfi::cmf5<int,pcl::search::Search<pcl::PointXYZ>,const pcl::PointCloud<pcl::PointXYZ> &,int,int,std::vector<int,std::allocator<int>> &,std::vector<float,std::allocator<float>> &>,boost::_bi::list6<boost::reference_wrapper<boost::shared_ptr<pcl::search::Search<pcl::PointXYZ>>>,boost::arg<1>,boost::arg<2>,boost::arg<3>,boost::arg<4>,boost::arg<5>>>,
              R=int,
              T0=const pcl::PointCloud<pcl::PointXYZ> &,
              T1=size_t,
              T2=double,
              T3=std::vector<int,std::allocator<int>> &,
              T4=std::vector<float,std::allocator<float>> &
          ]
  S:\PCL\PCL 1.8.1\3rdParty\Boost\include\boost-1_64\boost/function/function_template.hpp(716): note: 参见对正在编译的函数 模板 实例化“void boost::function5<R,T0,T1,T2,T3,T4>::assign_to<Functor>(Functor)”的引用
          with
          [
              R=int,
              T0=const pcl::PointCloud<pcl::PointXYZ> &,
              T1=size_t,
              T2=double,
              T3=std::vector<int,std::allocator<int>> &,
              T4=std::vector<float,std::allocator<float>> &,
              Functor=boost::_bi::bind_t<int,boost::_mfi::cmf5<int,pcl::search::Search<pcl::PointXYZ>,const pcl::PointCloud<pcl::PointXYZ> &,int,int,std::vector<int,std::allocator<int>> &,std::vector<float,std::allocator<float>> &>,boost::_bi::list6<boost::reference_wrapper<boost::shared_ptr<pcl::search::Search<pcl::PointXYZ>>>,boost::arg<1>,boost::arg<2>,boost::arg<3>,boost::arg<4>,boost::arg<5>>>
          ]
  S:\PCL\PCL 1.8.1\3rdParty\Boost\include\boost-1_64\boost/function/function_template.hpp(716): note: 参见对正在编译的函数 模板 实例化“void boost::function5<R,T0,T1,T2,T3,T4>::assign_to<Functor>(Functor)”的引用
          with
          [
              R=int,
              T0=const pcl::PointCloud<pcl::PointXYZ> &,
              T1=size_t,
              T2=double,
              T3=std::vector<int,std::allocator<int>> &,
              T4=std::vector<float,std::allocator<float>> &,
              Functor=boost::_bi::bind_t<int,boost::_mfi::cmf5<int,pcl::search::Search<pcl::PointXYZ>,const pcl::PointCloud<pcl::PointXYZ> &,int,int,std::vector<int,std::allocator<int>> &,std::vector<float,std::allocator<float>> &>,boost::_bi::list6<boost::reference_wrapper<boost::shared_ptr<pcl::search::Search<pcl::PointXYZ>>>,boost::arg<1>,boost::arg<2>,boost::arg<3>,boost::arg<4>,boost::arg<5>>>
          ]
  S:\PCL\PCL 1.8.1\3rdParty\Boost\include\boost-1_64\boost/function/function_template.hpp(1062): note: 参见对正在编译的函数 模板 实例化“boost::function5<R,T0,T1,T2,T3,T4>::function5<boost::_bi::bind_t<R,boost::_mfi::cmf5<R,pcl::search::Search<PointInT>,const pcl::PointCloud<PointT> &,int,int,std::vector<int,std::allocator<_Ty>> &,std::vector<float,std::allocator<float>> &>,boost::_bi::list6<boost::reference_wrapper<boost::shared_ptr<pcl::search::Search<PointT>>>,boost::arg<1>,boost::arg<2>,boost::arg<3>,boost::arg<4>,boost::arg<5>>>>(Functor,int)”的引用
          with
          [
              R=int,
              T0=const pcl::PointCloud<pcl::PointXYZ> &,
              T1=size_t,
              T2=double,
              T3=std::vector<int,std::allocator<int>> &,
              T4=std::vector<float,std::allocator<float>> &,
              PointInT=pcl::PointXYZ,
              PointT=pcl::PointXYZ,
              _Ty=int,
              Functor=boost::_bi::bind_t<int,boost::_mfi::cmf5<int,pcl::search::Search<pcl::PointXYZ>,const pcl::PointCloud<pcl::PointXYZ> &,int,int,std::vector<int,std::allocator<int>> &,std::vector<float,std::allocator<float>> &>,boost::_bi::list6<boost::reference_wrapper<boost::shared_ptr<pcl::search::Search<pcl::PointXYZ>>>,boost::arg<1>,boost::arg<2>,boost::arg<3>,boost::arg<4>,boost::arg<5>>>
          ]
  S:\PCL\PCL 1.8.1\3rdParty\Boost\include\boost-1_64\boost/function/function_template.hpp(1062): note: 参见对正在编译的函数 模板 实例化“boost::function5<R,T0,T1,T2,T3,T4>::function5<boost::_bi::bind_t<R,boost::_mfi::cmf5<R,pcl::search::Search<PointInT>,const pcl::PointCloud<PointT> &,int,int,std::vector<int,std::allocator<_Ty>> &,std::vector<float,std::allocator<float>> &>,boost::_bi::list6<boost::reference_wrapper<boost::shared_ptr<pcl::search::Search<PointT>>>,boost::arg<1>,boost::arg<2>,boost::arg<3>,boost::arg<4>,boost::arg<5>>>>(Functor,int)”的引用
          with
          [
              R=int,
              T0=const pcl::PointCloud<pcl::PointXYZ> &,
              T1=size_t,
              T2=double,
              T3=std::vector<int,std::allocator<int>> &,
              T4=std::vector<float,std::allocator<float>> &,
              PointInT=pcl::PointXYZ,
              PointT=pcl::PointXYZ,
              _Ty=int,
              Functor=boost::_bi::bind_t<int,boost::_mfi::cmf5<int,pcl::search::Search<pcl::PointXYZ>,const pcl::PointCloud<pcl::PointXYZ> &,int,int,std::vector<int,std::allocator<int>> &,std::vector<float,std::allocator<float>> &>,boost::_bi::list6<boost::reference_wrapper<boost::shared_ptr<pcl::search::Search<pcl::PointXYZ>>>,boost::arg<1>,boost::arg<2>,boost::arg<3>,boost::arg<4>,boost::arg<5>>>
          ]
  S:\PCL\PCL 1.8.1\3rdParty\Boost\include\boost-1_64\boost/function/function_template.hpp(1114): note: 参见对正在编译的函数 模板 实例化“boost::function<int (const pcl::PointCloud<PointT> &,size_t,double,std::vector<int,std::allocator<_Ty>> &,std::vector<float,std::allocator<float>> &)>::function<boost::_bi::bind_t<int,boost::_mfi::cmf5<int,pcl::search::Search<PointT>,const pcl::PointCloud<PointT> &,int,int,std::vector<_Ty,std::allocator<_Ty>> &,std::vector<float,std::allocator<float>> &>,boost::_bi::list6<boost::reference_wrapper<boost::shared_ptr<pcl::search::Search<PointT>>>,boost::arg<1>,boost::arg<2>,boost::arg<3>,boost::arg<4>,boost::arg<5>>>>(Functor,int)”的引用
          with
          [
              PointT=pcl::PointXYZ,
              _Ty=int,
              Functor=boost::_bi::bind_t<int,boost::_mfi::cmf5<int,pcl::search::Search<pcl::PointXYZ>,const pcl::PointCloud<pcl::PointXYZ> &,int,int,std::vector<int,std::allocator<int>> &,std::vector<float,std::allocator<float>> &>,boost::_bi::list6<boost::reference_wrapper<boost::shared_ptr<pcl::search::Search<pcl::PointXYZ>>>,boost::arg<1>,boost::arg<2>,boost::arg<3>,boost::arg<4>,boost::arg<5>>>
          ]
  S:\PCL\PCL 1.8.1\3rdParty\Boost\include\boost-1_64\boost/function/function_template.hpp(1114): note: 参见对正在编译的函数 模板 实例化“boost::function<int (const pcl::PointCloud<PointT> &,size_t,double,std::vector<int,std::allocator<_Ty>> &,std::vector<float,std::allocator<float>> &)>::function<boost::_bi::bind_t<int,boost::_mfi::cmf5<int,pcl::search::Search<PointT>,const pcl::PointCloud<PointT> &,int,int,std::vector<_Ty,std::allocator<_Ty>> &,std::vector<float,std::allocator<float>> &>,boost::_bi::list6<boost::reference_wrapper<boost::shared_ptr<pcl::search::Search<PointT>>>,boost::arg<1>,boost::arg<2>,boost::arg<3>,boost::arg<4>,boost::arg<5>>>>(Functor,int)”的引用
          with
          [
              PointT=pcl::PointXYZ,
              _Ty=int,
              Functor=boost::_bi::bind_t<int,boost::_mfi::cmf5<int,pcl::search::Search<pcl::PointXYZ>,const pcl::PointCloud<pcl::PointXYZ> &,int,int,std::vector<int,std::allocator<int>> &,std::vector<float,std::allocator<float>> &>,boost::_bi::list6<boost::reference_wrapper<boost::shared_ptr<pcl::search::Search<pcl::PointXYZ>>>,boost::arg<1>,boost::arg<2>,boost::arg<3>,boost::arg<4>,boost::arg<5>>>
          ]
  S:\PCL\PCL 1.8.1\include\pcl-1.8\pcl/features/impl/feature.hpp(160): note: 参见对正在编译的函数 模板 实例化“boost::function<int (const pcl::PointCloud<PointT> &,size_t,double,std::vector<int,std::allocator<_Ty>> &,std::vector<float,std::allocator<float>> &)> &boost::function<int (const pcl::PointCloud<PointT> &,size_t,double,std::vector<_Ty,std::allocator<_Ty>> &,std::vector<float,std::allocator<float>> &)>::operator =<boost::_bi::bind_t<int,boost::_mfi::cmf5<int,pcl::search::Search<PointT>,const pcl::PointCloud<PointT> &,int,int,std::vector<_Ty,std::allocator<_Ty>> &,std::vector<float,std::allocator<float>> &>,boost::_bi::list6<boost::reference_wrapper<boost::shared_ptr<pcl::search::Search<PointT>>>,boost::arg<1>,boost::arg<2>,boost::arg<3>,boost::arg<4>,boost::arg<5>>>>(Functor)”的引用
          with
          [
              PointT=pcl::PointXYZ,
              _Ty=int,
              Functor=boost::_bi::bind_t<int,boost::_mfi::cmf5<int,pcl::search::Search<pcl::PointXYZ>,const pcl::PointCloud<pcl::PointXYZ> &,int,int,std::vector<int,std::allocator<int>> &,std::vector<float,std::allocator<float>> &>,boost::_bi::list6<boost::reference_wrapper<boost::shared_ptr<pcl::search::Search<pcl::PointXYZ>>>,boost::arg<1>,boost::arg<2>,boost::arg<3>,boost::arg<4>,boost::arg<5>>>
          ]
  S:\PCL\PCL 1.8.1\include\pcl-1.8\pcl/features/impl/feature.hpp(160): note: 参见对正在编译的函数 模板 实例化“boost::function<int (const pcl::PointCloud<PointT> &,size_t,double,std::vector<int,std::allocator<_Ty>> &,std::vector<float,std::allocator<float>> &)> &boost::function<int (const pcl::PointCloud<PointT> &,size_t,double,std::vector<_Ty,std::allocator<_Ty>> &,std::vector<float,std::allocator<float>> &)>::operator =<boost::_bi::bind_t<int,boost::_mfi::cmf5<int,pcl::search::Search<PointT>,const pcl::PointCloud<PointT> &,int,int,std::vector<_Ty,std::allocator<_Ty>> &,std::vector<float,std::allocator<float>> &>,boost::_bi::list6<boost::reference_wrapper<boost::shared_ptr<pcl::search::Search<PointT>>>,boost::arg<1>,boost::arg<2>,boost::arg<3>,boost::arg<4>,boost::arg<5>>>>(Functor)”的引用
          with
          [
              PointT=pcl::PointXYZ,
              _Ty=int,
              Functor=boost::_bi::bind_t<int,boost::_mfi::cmf5<int,pcl::search::Search<pcl::PointXYZ>,const pcl::PointCloud<pcl::PointXYZ> &,int,int,std::vector<int,std::allocator<int>> &,std::vector<float,std::allocator<float>> &>,boost::_bi::list6<boost::reference_wrapper<boost::shared_ptr<pcl::search::Search<pcl::PointXYZ>>>,boost::arg<1>,boost::arg<2>,boost::arg<3>,boost::arg<4>,boost::arg<5>>>
          ]
  S:\PCL\PCL 1.8.1\include\pcl-1.8\pcl/features/impl/feature.hpp(94): note: 编译类 模板 成员函数“bool pcl::Feature<PointInT,PointOutT>::initCompute(void)”时
          with
          [
              PointInT=pcl::PointXYZ,
              PointOutT=pcl::Normal
          ]
  S:\PCL\PCL 1.8.1\include\pcl-1.8\pcl/features/normal_3d.h(200): note: 参见对正在编译的类 模板 实例化“pcl::Feature<PointInT,PointOutT>”的引用
          with
          [
              PointInT=pcl::PointXYZ,
              PointOutT=pcl::Normal
          ]
  s:\code\pcl\work\recofnitionsphere\recofnitionsphere\NormalEstimationUser.h(7): note: 参见对正在编译的类 模板 实例化“pcl::NormalEstimation<pcl::PointXYZ,pcl::Normal>”的引用
S:\PCL\PCL 1.8.1\3rdParty\Boost\include\boost-1_64\boost/bind/bind.hpp(592): warning C4267: “参数”: 从“size_t”转换到“int”，可能丢失数据
S:\PCL\PCL 1.8.1\3rdParty\Boost\include\boost-1_64\boost/bind/bind.hpp(666): warning C4267: “参数”: 从“size_t”转换到“int”，可能丢失数据
  S:\PCL\PCL 1.8.1\3rdParty\Boost\include\boost-1_64\boost/bind/bind.hpp(1354): note: 参见对正在编译的函数 模板 实例化“R boost::_bi::list7<boost::reference_wrapper<boost::shared_ptr<pcl::search::Search<PointInT>>>,boost::arg<1>,boost::arg<2>,boost::arg<3>,boost::arg<4>,boost::arg<5>,boost::_bi::value<T>>::operator ()<int,F,boost::_bi::rrlist5<A1,A2,A3,A4,A5>>(boost::_bi::type<T>,F &,A &,long)”的引用
          with
          [
              R=int,
              PointInT=pcl::PointXYZ,
              T=int,
              F=boost::_mfi::cmf6<int,pcl::search::Search<pcl::PointXYZ>,const pcl::PointCloud<pcl::PointXYZ> &,int,double,std::vector<int,std::allocator<int>> &,std::vector<float,std::allocator<float>> &,unsigned int>,
              A1=const pcl::PointCloud<pcl::PointXYZ> &,
              A2=size_t,
              A3=double,
              A4=std::vector<int,std::allocator<int>> &,
              A5=std::vector<float,std::allocator<float>> &,
              A=boost::_bi::rrlist5<const pcl::PointCloud<pcl::PointXYZ> &,size_t,double,std::vector<int,std::allocator<int>> &,std::vector<float,std::allocator<float>> &>
          ]
  S:\PCL\PCL 1.8.1\3rdParty\Boost\include\boost-1_64\boost/bind/bind.hpp(1354): note: 参见对正在编译的函数 模板 实例化“R boost::_bi::list7<boost::reference_wrapper<boost::shared_ptr<pcl::search::Search<PointInT>>>,boost::arg<1>,boost::arg<2>,boost::arg<3>,boost::arg<4>,boost::arg<5>,boost::_bi::value<T>>::operator ()<int,F,boost::_bi::rrlist5<A1,A2,A3,A4,A5>>(boost::_bi::type<T>,F &,A &,long)”的引用
          with
          [
              R=int,
              PointInT=pcl::PointXYZ,
              T=int,
              F=boost::_mfi::cmf6<int,pcl::search::Search<pcl::PointXYZ>,const pcl::PointCloud<pcl::PointXYZ> &,int,double,std::vector<int,std::allocator<int>> &,std::vector<float,std::allocator<float>> &,unsigned int>,
              A1=const pcl::PointCloud<pcl::PointXYZ> &,
              A2=size_t,
              A3=double,
              A4=std::vector<int,std::allocator<int>> &,
              A5=std::vector<float,std::allocator<float>> &,
              A=boost::_bi::rrlist5<const pcl::PointCloud<pcl::PointXYZ> &,size_t,double,std::vector<int,std::allocator<int>> &,std::vector<float,std::allocator<float>> &>
          ]
  S:\PCL\PCL 1.8.1\3rdParty\Boost\include\boost-1_64\boost/function/function_template.hpp(138): note: 参见对正在编译的函数 模板 实例化“int boost::_bi::bind_t<int,boost::_mfi::cmf6<int,pcl::search::Search<PointInT>,const pcl::PointCloud<PointT> &,int,double,std::vector<int,std::allocator<_Ty>> &,std::vector<float,std::allocator<float>> &,unsigned int>,boost::_bi::list7<boost::reference_wrapper<boost::shared_ptr<pcl::search::Search<PointT>>>,boost::arg<1>,boost::arg<2>,boost::arg<3>,boost::arg<4>,boost::arg<5>,boost::_bi::value<T>>>::operator ()<const pcl::PointCloud<PointT>&,unsigned __int64,double,std::vector<_Ty,std::allocator<_Ty>>&,std::vector<float,std::allocator<float>>&>(A1,A2 &&,A3 &&,A4,A5)”的引用
          with
          [
              PointInT=pcl::PointXYZ,
              PointT=pcl::PointXYZ,
              _Ty=int,
              T=int,
              A1=const pcl::PointCloud<pcl::PointXYZ> &,
              A2=size_t,
              A3=double,
              A4=std::vector<int,std::allocator<int>> &,
              A5=std::vector<float,std::allocator<float>> &
          ]
  S:\PCL\PCL 1.8.1\3rdParty\Boost\include\boost-1_64\boost/function/function_template.hpp(138): note: 参见对正在编译的函数 模板 实例化“int boost::_bi::bind_t<int,boost::_mfi::cmf6<int,pcl::search::Search<PointInT>,const pcl::PointCloud<PointT> &,int,double,std::vector<int,std::allocator<_Ty>> &,std::vector<float,std::allocator<float>> &,unsigned int>,boost::_bi::list7<boost::reference_wrapper<boost::shared_ptr<pcl::search::Search<PointT>>>,boost::arg<1>,boost::arg<2>,boost::arg<3>,boost::arg<4>,boost::arg<5>,boost::_bi::value<T>>>::operator ()<const pcl::PointCloud<PointT>&,unsigned __int64,double,std::vector<_Ty,std::allocator<_Ty>>&,std::vector<float,std::allocator<float>>&>(A1,A2 &&,A3 &&,A4,A5)”的引用
          with
          [
              PointInT=pcl::PointXYZ,
              PointT=pcl::PointXYZ,
              _Ty=int,
              T=int,
              A1=const pcl::PointCloud<pcl::PointXYZ> &,
              A2=size_t,
              A3=double,
              A4=std::vector<int,std::allocator<int>> &,
              A5=std::vector<float,std::allocator<float>> &
          ]
  S:\PCL\PCL 1.8.1\3rdParty\Boost\include\boost-1_64\boost/function/function_template.hpp(132): note: 编译类 模板 成员函数“int boost::detail::function::function_obj_invoker5<FunctionObj,R,T0,T1,T2,T3,T4>::invoke(boost::detail::function::function_buffer &,T0,T1,T2,T3,T4)”时
          with
          [
              FunctionObj=boost::_bi::bind_t<int,boost::_mfi::cmf6<int,pcl::search::Search<pcl::PointXYZ>,const pcl::PointCloud<pcl::PointXYZ> &,int,double,std::vector<int,std::allocator<int>> &,std::vector<float,std::allocator<float>> &,unsigned int>,boost::_bi::list7<boost::reference_wrapper<boost::shared_ptr<pcl::search::Search<pcl::PointXYZ>>>,boost::arg<1>,boost::arg<2>,boost::arg<3>,boost::arg<4>,boost::arg<5>,boost::_bi::value<int>>>,
              R=int,
              T0=const pcl::PointCloud<pcl::PointXYZ> &,
              T1=size_t,
              T2=double,
              T3=std::vector<int,std::allocator<int>> &,
              T4=std::vector<float,std::allocator<float>> &
          ]
  S:\PCL\PCL 1.8.1\3rdParty\Boost\include\boost-1_64\boost/function/function_template.hpp(925): note: 参见对正在编译的函数 模板 实例化“int boost::detail::function::function_obj_invoker5<FunctionObj,R,T0,T1,T2,T3,T4>::invoke(boost::detail::function::function_buffer &,T0,T1,T2,T3,T4)”的引用
          with
          [
              FunctionObj=boost::_bi::bind_t<int,boost::_mfi::cmf6<int,pcl::search::Search<pcl::PointXYZ>,const pcl::PointCloud<pcl::PointXYZ> &,int,double,std::vector<int,std::allocator<int>> &,std::vector<float,std::allocator<float>> &,unsigned int>,boost::_bi::list7<boost::reference_wrapper<boost::shared_ptr<pcl::search::Search<pcl::PointXYZ>>>,boost::arg<1>,boost::arg<2>,boost::arg<3>,boost::arg<4>,boost::arg<5>,boost::_bi::value<int>>>,
              R=int,
              T0=const pcl::PointCloud<pcl::PointXYZ> &,
              T1=size_t,
              T2=double,
              T3=std::vector<int,std::allocator<int>> &,
              T4=std::vector<float,std::allocator<float>> &
          ]
  S:\PCL\PCL 1.8.1\3rdParty\Boost\include\boost-1_64\boost/function/function_template.hpp(925): note: 参见对正在编译的类 模板 实例化“boost::detail::function::function_obj_invoker5<FunctionObj,R,T0,T1,T2,T3,T4>”的引用
          with
          [
              FunctionObj=boost::_bi::bind_t<int,boost::_mfi::cmf6<int,pcl::search::Search<pcl::PointXYZ>,const pcl::PointCloud<pcl::PointXYZ> &,int,double,std::vector<int,std::allocator<int>> &,std::vector<float,std::allocator<float>> &,unsigned int>,boost::_bi::list7<boost::reference_wrapper<boost::shared_ptr<pcl::search::Search<pcl::PointXYZ>>>,boost::arg<1>,boost::arg<2>,boost::arg<3>,boost::arg<4>,boost::arg<5>,boost::_bi::value<int>>>,
              R=int,
              T0=const pcl::PointCloud<pcl::PointXYZ> &,
              T1=size_t,
              T2=double,
              T3=std::vector<int,std::allocator<int>> &,
              T4=std::vector<float,std::allocator<float>> &
          ]
  S:\PCL\PCL 1.8.1\3rdParty\Boost\include\boost-1_64\boost/function/function_template.hpp(716): note: 参见对正在编译的函数 模板 实例化“void boost::function5<R,T0,T1,T2,T3,T4>::assign_to<Functor>(Functor)”的引用
          with
          [
              R=int,
              T0=const pcl::PointCloud<pcl::PointXYZ> &,
              T1=size_t,
              T2=double,
              T3=std::vector<int,std::allocator<int>> &,
              T4=std::vector<float,std::allocator<float>> &,
              Functor=boost::_bi::bind_t<int,boost::_mfi::cmf6<int,pcl::search::Search<pcl::PointXYZ>,const pcl::PointCloud<pcl::PointXYZ> &,int,double,std::vector<int,std::allocator<int>> &,std::vector<float,std::allocator<float>> &,unsigned int>,boost::_bi::list7<boost::reference_wrapper<boost::shared_ptr<pcl::search::Search<pcl::PointXYZ>>>,boost::arg<1>,boost::arg<2>,boost::arg<3>,boost::arg<4>,boost::arg<5>,boost::_bi::value<int>>>
          ]
  S:\PCL\PCL 1.8.1\3rdParty\Boost\include\boost-1_64\boost/function/function_template.hpp(716): note: 参见对正在编译的函数 模板 实例化“void boost::function5<R,T0,T1,T2,T3,T4>::assign_to<Functor>(Functor)”的引用
          with
          [
              R=int,
              T0=const pcl::PointCloud<pcl::PointXYZ> &,
              T1=size_t,
              T2=double,
              T3=std::vector<int,std::allocator<int>> &,
              T4=std::vector<float,std::allocator<float>> &,
              Functor=boost::_bi::bind_t<int,boost::_mfi::cmf6<int,pcl::search::Search<pcl::PointXYZ>,const pcl::PointCloud<pcl::PointXYZ> &,int,double,std::vector<int,std::allocator<int>> &,std::vector<float,std::allocator<float>> &,unsigned int>,boost::_bi::list7<boost::reference_wrapper<boost::shared_ptr<pcl::search::Search<pcl::PointXYZ>>>,boost::arg<1>,boost::arg<2>,boost::arg<3>,boost::arg<4>,boost::arg<5>,boost::_bi::value<int>>>
          ]
  S:\PCL\PCL 1.8.1\3rdParty\Boost\include\boost-1_64\boost/function/function_template.hpp(1062): note: 参见对正在编译的函数 模板 实例化“boost::function5<R,T0,T1,T2,T3,T4>::function5<boost::_bi::bind_t<R,boost::_mfi::cmf6<R,pcl::search::Search<PointInT>,const pcl::PointCloud<PointT> &,int,double,std::vector<int,std::allocator<_Ty>> &,std::vector<float,std::allocator<float>> &,unsigned int>,boost::_bi::list7<boost::reference_wrapper<boost::shared_ptr<pcl::search::Search<PointT>>>,boost::arg<1>,boost::arg<2>,boost::arg<3>,boost::arg<4>,boost::arg<5>,boost::_bi::value<T>>>>(Functor,int)”的引用
          with
          [
              R=int,
              T0=const pcl::PointCloud<pcl::PointXYZ> &,
              T1=size_t,
              T2=double,
              T3=std::vector<int,std::allocator<int>> &,
              T4=std::vector<float,std::allocator<float>> &,
              PointInT=pcl::PointXYZ,
              PointT=pcl::PointXYZ,
              _Ty=int,
              T=int,
              Functor=boost::_bi::bind_t<int,boost::_mfi::cmf6<int,pcl::search::Search<pcl::PointXYZ>,const pcl::PointCloud<pcl::PointXYZ> &,int,double,std::vector<int,std::allocator<int>> &,std::vector<float,std::allocator<float>> &,unsigned int>,boost::_bi::list7<boost::reference_wrapper<boost::shared_ptr<pcl::search::Search<pcl::PointXYZ>>>,boost::arg<1>,boost::arg<2>,boost::arg<3>,boost::arg<4>,boost::arg<5>,boost::_bi::value<int>>>
          ]
  S:\PCL\PCL 1.8.1\3rdParty\Boost\include\boost-1_64\boost/function/function_template.hpp(1062): note: 参见对正在编译的函数 模板 实例化“boost::function5<R,T0,T1,T2,T3,T4>::function5<boost::_bi::bind_t<R,boost::_mfi::cmf6<R,pcl::search::Search<PointInT>,const pcl::PointCloud<PointT> &,int,double,std::vector<int,std::allocator<_Ty>> &,std::vector<float,std::allocator<float>> &,unsigned int>,boost::_bi::list7<boost::reference_wrapper<boost::shared_ptr<pcl::search::Search<PointT>>>,boost::arg<1>,boost::arg<2>,boost::arg<3>,boost::arg<4>,boost::arg<5>,boost::_bi::value<T>>>>(Functor,int)”的引用
          with
          [
              R=int,
              T0=const pcl::PointCloud<pcl::PointXYZ> &,
              T1=size_t,
              T2=double,
              T3=std::vector<int,std::allocator<int>> &,
              T4=std::vector<float,std::allocator<float>> &,
              PointInT=pcl::PointXYZ,
              PointT=pcl::PointXYZ,
              _Ty=int,
              T=int,
              Functor=boost::_bi::bind_t<int,boost::_mfi::cmf6<int,pcl::search::Search<pcl::PointXYZ>,const pcl::PointCloud<pcl::PointXYZ> &,int,double,std::vector<int,std::allocator<int>> &,std::vector<float,std::allocator<float>> &,unsigned int>,boost::_bi::list7<boost::reference_wrapper<boost::shared_ptr<pcl::search::Search<pcl::PointXYZ>>>,boost::arg<1>,boost::arg<2>,boost::arg<3>,boost::arg<4>,boost::arg<5>,boost::_bi::value<int>>>
          ]
  S:\PCL\PCL 1.8.1\3rdParty\Boost\include\boost-1_64\boost/function/function_template.hpp(1114): note: 参见对正在编译的函数 模板 实例化“boost::function<int (const pcl::PointCloud<PointT> &,size_t,double,std::vector<int,std::allocator<_Ty>> &,std::vector<float,std::allocator<float>> &)>::function<boost::_bi::bind_t<int,boost::_mfi::cmf6<int,pcl::search::Search<PointT>,const pcl::PointCloud<PointT> &,int,double,std::vector<_Ty,std::allocator<_Ty>> &,std::vector<float,std::allocator<float>> &,unsigned int>,boost::_bi::list7<boost::reference_wrapper<boost::shared_ptr<pcl::search::Search<PointT>>>,boost::arg<1>,boost::arg<2>,boost::arg<3>,boost::arg<4>,boost::arg<5>,boost::_bi::value<T>>>>(Functor,int)”的引用
          with
          [
              PointT=pcl::PointXYZ,
              _Ty=int,
              T=int,
              Functor=boost::_bi::bind_t<int,boost::_mfi::cmf6<int,pcl::search::Search<pcl::PointXYZ>,const pcl::PointCloud<pcl::PointXYZ> &,int,double,std::vector<int,std::allocator<int>> &,std::vector<float,std::allocator<float>> &,unsigned int>,boost::_bi::list7<boost::reference_wrapper<boost::shared_ptr<pcl::search::Search<pcl::PointXYZ>>>,boost::arg<1>,boost::arg<2>,boost::arg<3>,boost::arg<4>,boost::arg<5>,boost::_bi::value<int>>>
          ]
  S:\PCL\PCL 1.8.1\3rdParty\Boost\include\boost-1_64\boost/function/function_template.hpp(1114): note: 参见对正在编译的函数 模板 实例化“boost::function<int (const pcl::PointCloud<PointT> &,size_t,double,std::vector<int,std::allocator<_Ty>> &,std::vector<float,std::allocator<float>> &)>::function<boost::_bi::bind_t<int,boost::_mfi::cmf6<int,pcl::search::Search<PointT>,const pcl::PointCloud<PointT> &,int,double,std::vector<_Ty,std::allocator<_Ty>> &,std::vector<float,std::allocator<float>> &,unsigned int>,boost::_bi::list7<boost::reference_wrapper<boost::shared_ptr<pcl::search::Search<PointT>>>,boost::arg<1>,boost::arg<2>,boost::arg<3>,boost::arg<4>,boost::arg<5>,boost::_bi::value<T>>>>(Functor,int)”的引用
          with
          [
              PointT=pcl::PointXYZ,
              _Ty=int,
              T=int,
              Functor=boost::_bi::bind_t<int,boost::_mfi::cmf6<int,pcl::search::Search<pcl::PointXYZ>,const pcl::PointCloud<pcl::PointXYZ> &,int,double,std::vector<int,std::allocator<int>> &,std::vector<float,std::allocator<float>> &,unsigned int>,boost::_bi::list7<boost::reference_wrapper<boost::shared_ptr<pcl::search::Search<pcl::PointXYZ>>>,boost::arg<1>,boost::arg<2>,boost::arg<3>,boost::arg<4>,boost::arg<5>,boost::_bi::value<int>>>
          ]
  S:\PCL\PCL 1.8.1\include\pcl-1.8\pcl/features/impl/feature.hpp(149): note: 参见对正在编译的函数 模板 实例化“boost::function<int (const pcl::PointCloud<PointT> &,size_t,double,std::vector<int,std::allocator<_Ty>> &,std::vector<float,std::allocator<float>> &)> &boost::function<int (const pcl::PointCloud<PointT> &,size_t,double,std::vector<_Ty,std::allocator<_Ty>> &,std::vector<float,std::allocator<float>> &)>::operator =<boost::_bi::bind_t<int,boost::_mfi::cmf6<int,pcl::search::Search<PointT>,const pcl::PointCloud<PointT> &,int,double,std::vector<_Ty,std::allocator<_Ty>> &,std::vector<float,std::allocator<float>> &,unsigned int>,boost::_bi::list7<boost::reference_wrapper<boost::shared_ptr<pcl::search::Search<PointT>>>,boost::arg<1>,boost::arg<2>,boost::arg<3>,boost::arg<4>,boost::arg<5>,boost::_bi::value<T>>>>(Functor)”的引用
          with
          [
              PointT=pcl::PointXYZ,
              _Ty=int,
              T=int,
              Functor=boost::_bi::bind_t<int,boost::_mfi::cmf6<int,pcl::search::Search<pcl::PointXYZ>,const pcl::PointCloud<pcl::PointXYZ> &,int,double,std::vector<int,std::allocator<int>> &,std::vector<float,std::allocator<float>> &,unsigned int>,boost::_bi::list7<boost::reference_wrapper<boost::shared_ptr<pcl::search::Search<pcl::PointXYZ>>>,boost::arg<1>,boost::arg<2>,boost::arg<3>,boost::arg<4>,boost::arg<5>,boost::_bi::value<int>>>
          ]
  S:\PCL\PCL 1.8.1\include\pcl-1.8\pcl/features/impl/feature.hpp(149): note: 参见对正在编译的函数 模板 实例化“boost::function<int (const pcl::PointCloud<PointT> &,size_t,double,std::vector<int,std::allocator<_Ty>> &,std::vector<float,std::allocator<float>> &)> &boost::function<int (const pcl::PointCloud<PointT> &,size_t,double,std::vector<_Ty,std::allocator<_Ty>> &,std::vector<float,std::allocator<float>> &)>::operator =<boost::_bi::bind_t<int,boost::_mfi::cmf6<int,pcl::search::Search<PointT>,const pcl::PointCloud<PointT> &,int,double,std::vector<_Ty,std::allocator<_Ty>> &,std::vector<float,std::allocator<float>> &,unsigned int>,boost::_bi::list7<boost::reference_wrapper<boost::shared_ptr<pcl::search::Search<PointT>>>,boost::arg<1>,boost::arg<2>,boost::arg<3>,boost::arg<4>,boost::arg<5>,boost::_bi::value<T>>>>(Functor)”的引用
          with
          [
              PointT=pcl::PointXYZ,
              _Ty=int,
              T=int,
              Functor=boost::_bi::bind_t<int,boost::_mfi::cmf6<int,pcl::search::Search<pcl::PointXYZ>,const pcl::PointCloud<pcl::PointXYZ> &,int,double,std::vector<int,std::allocator<int>> &,std::vector<float,std::allocator<float>> &,unsigned int>,boost::_bi::list7<boost::reference_wrapper<boost::shared_ptr<pcl::search::Search<pcl::PointXYZ>>>,boost::arg<1>,boost::arg<2>,boost::arg<3>,boost::arg<4>,boost::arg<5>,boost::_bi::value<int>>>
          ]
  正在生成代码
  1 of 5973 functions ( 0.0%) were compiled, the rest were copied from previous compilation.
    0 functions were new in current compilation
    2 functions had inline decision re-evaluated but remain unchanged
  已完成代码的生成
  RecofnitionSphere.vcxproj -> S:\Code\PCL\Work\RecofnitionSphere\x64\Release\RecofnitionSphere.exe
